[1/4] Building CXX object CMakeFiles/poe_tracker.dir/src/passive_tree.cpp.o
FAILED: [code=1] CMakeFiles/poe_tracker.dir/src/passive_tree.cpp.o 
clang++  -I/Users/wyattgill/Github/poe_overlay/include -std=c++23 -arch arm64 -isysroot /Applications/Xcode.app/Contents/Developer/Platforms/MacOSX.platform/Developer/SDKs/MacOSX15.4.sdk -mmacosx-version-min=11.3 -MD -MT CMakeFiles/poe_tracker.dir/src/passive_tree.cpp.o -MF CMakeFiles/poe_tracker.dir/src/passive_tree.cpp.o.d -o CMakeFiles/poe_tracker.dir/src/passive_tree.cpp.o -c /Users/wyattgill/Github/poe_overlay/src/passive_tree.cpp
In file included from /Users/wyattgill/Github/poe_overlay/src/passive_tree.cpp:1:
In file included from /Users/wyattgill/Github/poe_overlay/include/passive_tree.h:2:
In file included from /nix/store/a0m1lkk8w4rshbkna7pkpljlb2vqyg9k-libcxx-21.1.0-dev/include/c++/v1/string:594:
In file included from /nix/store/a0m1lkk8w4rshbkna7pkpljlb2vqyg9k-libcxx-21.1.0-dev/include/c++/v1/__algorithm/remove.h:12:
In file included from /nix/store/a0m1lkk8w4rshbkna7pkpljlb2vqyg9k-libcxx-21.1.0-dev/include/c++/v1/__algorithm/find.h:32:
In file included from /nix/store/a0m1lkk8w4rshbkna7pkpljlb2vqyg9k-libcxx-21.1.0-dev/include/c++/v1/cwchar:118:
In file included from /nix/store/a0m1lkk8w4rshbkna7pkpljlb2vqyg9k-libcxx-21.1.0-dev/include/c++/v1/wchar.h:116:
In file included from /Applications/Xcode.app/Contents/Developer/Platforms/MacOSX.platform/Developer/SDKs/MacOSX15.4.sdk/usr/include/c++/v1/wchar.h:127:
In file included from /Applications/Xcode.app/Contents/Developer/Platforms/MacOSX.platform/Developer/SDKs/MacOSX15.4.sdk/usr/include/wchar.h:67:
In file included from /Applications/Xcode.app/Contents/Developer/Platforms/MacOSX.platform/Developer/SDKs/MacOSX15.4.sdk/usr/include/_wchar.h:93:
In file included from /Applications/Xcode.app/Contents/Developer/Platforms/MacOSX.platform/Developer/SDKs/MacOSX15.4.sdk/usr/include/__wctype.h:39:
/Applications/Xcode.app/Contents/Developer/Platforms/MacOSX.platform/Developer/SDKs/MacOSX15.4.sdk/usr/include/___wctype.h:86:24: error: use of undeclared identifier '_CTYPE_A'
   86 |         return (__istype(_wc, _CTYPE_A|_CTYPE_D));
      |                               ^~~~~~~~
/Applications/Xcode.app/Contents/Developer/Platforms/MacOSX.platform/Developer/SDKs/MacOSX15.4.sdk/usr/include/___wctype.h:86:33: error: use of undeclared identifier '_CTYPE_D'
   86 |         return (__istype(_wc, _CTYPE_A|_CTYPE_D));
      |                                        ^~~~~~~~
/Applications/Xcode.app/Contents/Developer/Platforms/MacOSX.platform/Developer/SDKs/MacOSX15.4.sdk/usr/include/___wctype.h:92:24: error: use of undeclared identifier '_CTYPE_A'
   92 |         return (__istype(_wc, _CTYPE_A));
      |                               ^~~~~~~~
/Applications/Xcode.app/Contents/Developer/Platforms/MacOSX.platform/Developer/SDKs/MacOSX15.4.sdk/usr/include/___wctype.h:98:24: error: use of undeclared identifier '_CTYPE_C'
   98 |         return (__istype(_wc, _CTYPE_C));
      |                               ^~~~~~~~
/Applications/Xcode.app/Contents/Developer/Platforms/MacOSX.platform/Developer/SDKs/MacOSX15.4.sdk/usr/include/___wctype.h:104:10: error: use of undeclared identifier '__istype'
  104 |         return (__istype(_wc, _charclass));
      |                 ^~~~~~~~
/Applications/Xcode.app/Contents/Developer/Platforms/MacOSX.platform/Developer/SDKs/MacOSX15.4.sdk/usr/include/___wctype.h:110:25: error: use of undeclared identifier '_CTYPE_D'
  110 |         return (__isctype(_wc, _CTYPE_D));
      |                                ^~~~~~~~
/Applications/Xcode.app/Contents/Developer/Platforms/MacOSX.platform/Developer/SDKs/MacOSX15.4.sdk/usr/include/___wctype.h:116:24: error: use of undeclared identifier '_CTYPE_G'
  116 |         return (__istype(_wc, _CTYPE_G));
      |                               ^~~~~~~~
/Applications/Xcode.app/Contents/Developer/Platforms/MacOSX.platform/Developer/SDKs/MacOSX15.4.sdk/usr/include/___wctype.h:122:24: error: use of undeclared identifier '_CTYPE_L'
  122 |         return (__istype(_wc, _CTYPE_L));
      |                               ^~~~~~~~
/Applications/Xcode.app/Contents/Developer/Platforms/MacOSX.platform/Developer/SDKs/MacOSX15.4.sdk/usr/include/___wctype.h:128:24: error: use of undeclared identifier '_CTYPE_R'
  128 |         return (__istype(_wc, _CTYPE_R));
      |                               ^~~~~~~~
/Applications/Xcode.app/Contents/Developer/Platforms/MacOSX.platform/Developer/SDKs/MacOSX15.4.sdk/usr/include/___wctype.h:134:24: error: use of undeclared identifier '_CTYPE_P'
  134 |         return (__istype(_wc, _CTYPE_P));
      |                               ^~~~~~~~
/Applications/Xcode.app/Contents/Developer/Platforms/MacOSX.platform/Developer/SDKs/MacOSX15.4.sdk/usr/include/___wctype.h:140:24: error: use of undeclared identifier '_CTYPE_S'
  140 |         return (__istype(_wc, _CTYPE_S));
      |                               ^~~~~~~~
/Applications/Xcode.app/Contents/Developer/Platforms/MacOSX.platform/Developer/SDKs/MacOSX15.4.sdk/usr/include/___wctype.h:146:24: error: use of undeclared identifier '_CTYPE_U'
  146 |         return (__istype(_wc, _CTYPE_U));
      |                               ^~~~~~~~
/Applications/Xcode.app/Contents/Developer/Platforms/MacOSX.platform/Developer/SDKs/MacOSX15.4.sdk/usr/include/___wctype.h:152:25: error: use of undeclared identifier '_CTYPE_X'
  152 |         return (__isctype(_wc, _CTYPE_X));
      |                                ^~~~~~~~
/Applications/Xcode.app/Contents/Developer/Platforms/MacOSX.platform/Developer/SDKs/MacOSX15.4.sdk/usr/include/___wctype.h:158:11: error: use of undeclared identifier '__tolower'; did you mean 'towlower'?
  158 |                 return (__tolower(_wc));
      |                         ^~~~~~~~~
/Applications/Xcode.app/Contents/Developer/Platforms/MacOSX.platform/Developer/SDKs/MacOSX15.4.sdk/usr/include/___wctype.h:156:1: note: 'towlower' declared here
  156 | towlower(wint_t _wc)
      | ^
/Applications/Xcode.app/Contents/Developer/Platforms/MacOSX.platform/Developer/SDKs/MacOSX15.4.sdk/usr/include/___wctype.h:164:11: error: use of undeclared identifier '__toupper'; did you mean 'towupper'?
  164 |                 return (__toupper(_wc));
      |                         ^~~~~~~~~
/Applications/Xcode.app/Contents/Developer/Platforms/MacOSX.platform/Developer/SDKs/MacOSX15.4.sdk/usr/include/___wctype.h:162:1: note: 'towupper' declared here
  162 | towupper(wint_t _wc)
      | ^
In file included from /Users/wyattgill/Github/poe_overlay/src/passive_tree.cpp:1:
In file included from /Users/wyattgill/Github/poe_overlay/include/passive_tree.h:2:
In file included from /nix/store/a0m1lkk8w4rshbkna7pkpljlb2vqyg9k-libcxx-21.1.0-dev/include/c++/v1/string:594:
In file included from /nix/store/a0m1lkk8w4rshbkna7pkpljlb2vqyg9k-libcxx-21.1.0-dev/include/c++/v1/__algorithm/remove.h:12:
In file included from /nix/store/a0m1lkk8w4rshbkna7pkpljlb2vqyg9k-libcxx-21.1.0-dev/include/c++/v1/__algorithm/find.h:32:
/nix/store/a0m1lkk8w4rshbkna7pkpljlb2vqyg9k-libcxx-21.1.0-dev/include/c++/v1/cwchar:136:9: error: target of using declaration conflicts with declaration already in scope
  136 | using ::wint_t _LIBCPP_USING_IF_EXISTS;
      |         ^
/Applications/Xcode.app/Contents/Developer/Platforms/MacOSX.platform/Developer/SDKs/MacOSX15.4.sdk/usr/include/sys/_types/_wint_t.h:32:25: note: target of using declaration
   32 | typedef __darwin_wint_t wint_t;
      |                         ^
/nix/store/a0m1lkk8w4rshbkna7pkpljlb2vqyg9k-libcxx-21.1.0-dev/include/c++/v1/cwctype:75:1: note: conflicting declaration
   75 | using ::wint_t _LIBCPP_USING_IF_EXISTS;
      | ^
In file included from /Users/wyattgill/Github/poe_overlay/src/passive_tree.cpp:1:
In file included from /Users/wyattgill/Github/poe_overlay/include/passive_tree.h:2:
In file included from /nix/store/a0m1lkk8w4rshbkna7pkpljlb2vqyg9k-libcxx-21.1.0-dev/include/c++/v1/string:600:
/nix/store/a0m1lkk8w4rshbkna7pkpljlb2vqyg9k-libcxx-21.1.0-dev/include/c++/v1/__functional/hash.h:39:8: error: reference to unresolved using declaration
   39 |   std::memcpy(std::addressof(__r), __p, sizeof(__r));
      |        ^
/nix/store/a0m1lkk8w4rshbkna7pkpljlb2vqyg9k-libcxx-21.1.0-dev/include/c++/v1/cstring:82:1: note: using declaration annotated with 'using_if_exists' here
   82 | using ::memcpy _LIBCPP_USING_IF_EXISTS;
      | ^
In file included from /Users/wyattgill/Github/poe_overlay/src/passive_tree.cpp:1:
In file included from /Users/wyattgill/Github/poe_overlay/include/passive_tree.h:2:
In file included from /nix/store/a0m1lkk8w4rshbkna7pkpljlb2vqyg9k-libcxx-21.1.0-dev/include/c++/v1/string:624:
/nix/store/a0m1lkk8w4rshbkna7pkpljlb2vqyg9k-libcxx-21.1.0-dev/include/c++/v1/__string/char_traits.h:237:59: error: reference to unresolved using declaration
  237 | struct char_traits<wchar_t> : __char_traits_base<wchar_t, wint_t, static_cast<wint_t>(WEOF)> {
      |                                                           ^
/nix/store/a0m1lkk8w4rshbkna7pkpljlb2vqyg9k-libcxx-21.1.0-dev/include/c++/v1/cwctype:75:1: note: using declaration annotated with 'using_if_exists' here
   75 | using ::wint_t _LIBCPP_USING_IF_EXISTS;
      | ^
In file included from /Users/wyattgill/Github/poe_overlay/src/passive_tree.cpp:1:
In file included from /Users/wyattgill/Github/poe_overlay/include/passive_tree.h:2:
In file included from /nix/store/a0m1lkk8w4rshbkna7pkpljlb2vqyg9k-libcxx-21.1.0-dev/include/c++/v1/string:624:
/nix/store/a0m1lkk8w4rshbkna7pkpljlb2vqyg9k-libcxx-21.1.0-dev/include/c++/v1/__string/char_traits.h:237:59: error: reference to unresolved using declaration
  237 | struct char_traits<wchar_t> : __char_traits_base<wchar_t, wint_t, static_cast<wint_t>(WEOF)> {
      |                                                           ^
/nix/store/a0m1lkk8w4rshbkna7pkpljlb2vqyg9k-libcxx-21.1.0-dev/include/c++/v1/cwctype:75:1: note: using declaration annotated with 'using_if_exists' here
   75 | using ::wint_t _LIBCPP_USING_IF_EXISTS;
      | ^
fatal error: too many errors emitted, stopping now [-ferror-limit=]
20 errors generated.
[2/4] Building CXX object CMakeFiles/main.dir/app/main.cpp.o
FAILED: [code=1] CMakeFiles/main.dir/app/main.cpp.o 
clang++  -I/Users/wyattgill/Github/poe_overlay/include -arch arm64 -isysroot /Applications/Xcode.app/Contents/Developer/Platforms/MacOSX.platform/Developer/SDKs/MacOSX15.4.sdk -mmacosx-version-min=11.3 -MD -MT CMakeFiles/main.dir/app/main.cpp.o -MF CMakeFiles/main.dir/app/main.cpp.o.d -o CMakeFiles/main.dir/app/main.cpp.o -c /Users/wyattgill/Github/poe_overlay/app/main.cpp
In file included from /Users/wyattgill/Github/poe_overlay/app/main.cpp:2:
In file included from /Users/wyattgill/Github/poe_overlay/include/httplib.h:280:
In file included from /nix/store/a0m1lkk8w4rshbkna7pkpljlb2vqyg9k-libcxx-21.1.0-dev/include/c++/v1/algorithm:1856:
In file included from /nix/store/a0m1lkk8w4rshbkna7pkpljlb2vqyg9k-libcxx-21.1.0-dev/include/c++/v1/__algorithm/find.h:32:
In file included from /nix/store/a0m1lkk8w4rshbkna7pkpljlb2vqyg9k-libcxx-21.1.0-dev/include/c++/v1/cwchar:118:
In file included from /nix/store/a0m1lkk8w4rshbkna7pkpljlb2vqyg9k-libcxx-21.1.0-dev/include/c++/v1/wchar.h:116:
In file included from /Applications/Xcode.app/Contents/Developer/Platforms/MacOSX.platform/Developer/SDKs/MacOSX15.4.sdk/usr/include/c++/v1/wchar.h:127:
In file included from /Applications/Xcode.app/Contents/Developer/Platforms/MacOSX.platform/Developer/SDKs/MacOSX15.4.sdk/usr/include/wchar.h:67:
In file included from /Applications/Xcode.app/Contents/Developer/Platforms/MacOSX.platform/Developer/SDKs/MacOSX15.4.sdk/usr/include/_wchar.h:93:
In file included from /Applications/Xcode.app/Contents/Developer/Platforms/MacOSX.platform/Developer/SDKs/MacOSX15.4.sdk/usr/include/__wctype.h:39:
/Applications/Xcode.app/Contents/Developer/Platforms/MacOSX.platform/Developer/SDKs/MacOSX15.4.sdk/usr/include/___wctype.h:86:24: error: use of undeclared identifier '_CTYPE_A'
   86 |         return (__istype(_wc, _CTYPE_A|_CTYPE_D));
      |                               ^~~~~~~~
/Applications/Xcode.app/Contents/Developer/Platforms/MacOSX.platform/Developer/SDKs/MacOSX15.4.sdk/usr/include/___wctype.h:86:33: error: use of undeclared identifier '_CTYPE_D'
   86 |         return (__istype(_wc, _CTYPE_A|_CTYPE_D));
      |                                        ^~~~~~~~
/Applications/Xcode.app/Contents/Developer/Platforms/MacOSX.platform/Developer/SDKs/MacOSX15.4.sdk/usr/include/___wctype.h:92:24: error: use of undeclared identifier '_CTYPE_A'
   92 |         return (__istype(_wc, _CTYPE_A));
      |                               ^~~~~~~~
/Applications/Xcode.app/Contents/Developer/Platforms/MacOSX.platform/Developer/SDKs/MacOSX15.4.sdk/usr/include/___wctype.h:98:24: error: use of undeclared identifier '_CTYPE_C'
   98 |         return (__istype(_wc, _CTYPE_C));
      |                               ^~~~~~~~
/Applications/Xcode.app/Contents/Developer/Platforms/MacOSX.platform/Developer/SDKs/MacOSX15.4.sdk/usr/include/___wctype.h:104:10: error: use of undeclared identifier '__istype'
  104 |         return (__istype(_wc, _charclass));
      |                 ^~~~~~~~
/Applications/Xcode.app/Contents/Developer/Platforms/MacOSX.platform/Developer/SDKs/MacOSX15.4.sdk/usr/include/___wctype.h:110:25: error: use of undeclared identifier '_CTYPE_D'
  110 |         return (__isctype(_wc, _CTYPE_D));
      |                                ^~~~~~~~
/Applications/Xcode.app/Contents/Developer/Platforms/MacOSX.platform/Developer/SDKs/MacOSX15.4.sdk/usr/include/___wctype.h:116:24: error: use of undeclared identifier '_CTYPE_G'
  116 |         return (__istype(_wc, _CTYPE_G));
      |                               ^~~~~~~~
/Applications/Xcode.app/Contents/Developer/Platforms/MacOSX.platform/Developer/SDKs/MacOSX15.4.sdk/usr/include/___wctype.h:122:24: error: use of undeclared identifier '_CTYPE_L'
  122 |         return (__istype(_wc, _CTYPE_L));
      |                               ^~~~~~~~
/Applications/Xcode.app/Contents/Developer/Platforms/MacOSX.platform/Developer/SDKs/MacOSX15.4.sdk/usr/include/___wctype.h:128:24: error: use of undeclared identifier '_CTYPE_R'
  128 |         return (__istype(_wc, _CTYPE_R));
      |                               ^~~~~~~~
/Applications/Xcode.app/Contents/Developer/Platforms/MacOSX.platform/Developer/SDKs/MacOSX15.4.sdk/usr/include/___wctype.h:134:24: error: use of undeclared identifier '_CTYPE_P'
  134 |         return (__istype(_wc, _CTYPE_P));
      |                               ^~~~~~~~
/Applications/Xcode.app/Contents/Developer/Platforms/MacOSX.platform/Developer/SDKs/MacOSX15.4.sdk/usr/include/___wctype.h:140:24: error: use of undeclared identifier '_CTYPE_S'
  140 |         return (__istype(_wc, _CTYPE_S));
      |                               ^~~~~~~~
/Applications/Xcode.app/Contents/Developer/Platforms/MacOSX.platform/Developer/SDKs/MacOSX15.4.sdk/usr/include/___wctype.h:146:24: error: use of undeclared identifier '_CTYPE_U'
  146 |         return (__istype(_wc, _CTYPE_U));
      |                               ^~~~~~~~
/Applications/Xcode.app/Contents/Developer/Platforms/MacOSX.platform/Developer/SDKs/MacOSX15.4.sdk/usr/include/___wctype.h:152:25: error: use of undeclared identifier '_CTYPE_X'
  152 |         return (__isctype(_wc, _CTYPE_X));
      |                                ^~~~~~~~
/Applications/Xcode.app/Contents/Developer/Platforms/MacOSX.platform/Developer/SDKs/MacOSX15.4.sdk/usr/include/___wctype.h:158:11: error: use of undeclared identifier '__tolower'; did you mean 'towlower'?
  158 |                 return (__tolower(_wc));
      |                         ^~~~~~~~~
/Applications/Xcode.app/Contents/Developer/Platforms/MacOSX.platform/Developer/SDKs/MacOSX15.4.sdk/usr/include/___wctype.h:156:1: note: 'towlower' declared here
  156 | towlower(wint_t _wc)
      | ^
/Applications/Xcode.app/Contents/Developer/Platforms/MacOSX.platform/Developer/SDKs/MacOSX15.4.sdk/usr/include/___wctype.h:164:11: error: use of undeclared identifier '__toupper'; did you mean 'towupper'?
  164 |                 return (__toupper(_wc));
      |                         ^~~~~~~~~
/Applications/Xcode.app/Contents/Developer/Platforms/MacOSX.platform/Developer/SDKs/MacOSX15.4.sdk/usr/include/___wctype.h:162:1: note: 'towupper' declared here
  162 | towupper(wint_t _wc)
      | ^
In file included from /Users/wyattgill/Github/poe_overlay/app/main.cpp:2:
In file included from /Users/wyattgill/Github/poe_overlay/include/httplib.h:280:
In file included from /nix/store/a0m1lkk8w4rshbkna7pkpljlb2vqyg9k-libcxx-21.1.0-dev/include/c++/v1/algorithm:1856:
In file included from /nix/store/a0m1lkk8w4rshbkna7pkpljlb2vqyg9k-libcxx-21.1.0-dev/include/c++/v1/__algorithm/find.h:32:
/nix/store/a0m1lkk8w4rshbkna7pkpljlb2vqyg9k-libcxx-21.1.0-dev/include/c++/v1/cwchar:136:9: error: target of using declaration conflicts with declaration already in scope
  136 | using ::wint_t _LIBCPP_USING_IF_EXISTS;
      |         ^
/Applications/Xcode.app/Contents/Developer/Platforms/MacOSX.platform/Developer/SDKs/MacOSX15.4.sdk/usr/include/sys/_types/_wint_t.h:32:25: note: target of using declaration
   32 | typedef __darwin_wint_t wint_t;
      |                         ^
/nix/store/a0m1lkk8w4rshbkna7pkpljlb2vqyg9k-libcxx-21.1.0-dev/include/c++/v1/cwctype:75:1: note: conflicting declaration
   75 | using ::wint_t _LIBCPP_USING_IF_EXISTS;
      | ^
In file included from /Users/wyattgill/Github/poe_overlay/app/main.cpp:2:
In file included from /Users/wyattgill/Github/poe_overlay/include/httplib.h:280:
In file included from /nix/store/a0m1lkk8w4rshbkna7pkpljlb2vqyg9k-libcxx-21.1.0-dev/include/c++/v1/algorithm:1865:
In file included from /nix/store/a0m1lkk8w4rshbkna7pkpljlb2vqyg9k-libcxx-21.1.0-dev/include/c++/v1/__algorithm/inplace_merge.h:27:
In file included from /nix/store/a0m1lkk8w4rshbkna7pkpljlb2vqyg9k-libcxx-21.1.0-dev/include/c++/v1/__memory/unique_ptr.h:20:
/nix/store/a0m1lkk8w4rshbkna7pkpljlb2vqyg9k-libcxx-21.1.0-dev/include/c++/v1/__functional/hash.h:39:8: error: reference to unresolved using declaration
   39 |   std::memcpy(std::addressof(__r), __p, sizeof(__r));
      |        ^
/nix/store/a0m1lkk8w4rshbkna7pkpljlb2vqyg9k-libcxx-21.1.0-dev/include/c++/v1/cstring:82:1: note: using declaration annotated with 'using_if_exists' here
   82 | using ::memcpy _LIBCPP_USING_IF_EXISTS;
      | ^
In file included from /Users/wyattgill/Github/poe_overlay/app/main.cpp:2:
In file included from /Users/wyattgill/Github/poe_overlay/include/httplib.h:280:
In file included from /nix/store/a0m1lkk8w4rshbkna7pkpljlb2vqyg9k-libcxx-21.1.0-dev/include/c++/v1/algorithm:2057:
In file included from /nix/store/a0m1lkk8w4rshbkna7pkpljlb2vqyg9k-libcxx-21.1.0-dev/include/c++/v1/atomic:607:
In file included from /nix/store/a0m1lkk8w4rshbkna7pkpljlb2vqyg9k-libcxx-21.1.0-dev/include/c++/v1/__atomic/atomic_flag.h:19:
In file included from /nix/store/a0m1lkk8w4rshbkna7pkpljlb2vqyg9k-libcxx-21.1.0-dev/include/c++/v1/__thread/support.h:112:
/nix/store/a0m1lkk8w4rshbkna7pkpljlb2vqyg9k-libcxx-21.1.0-dev/include/c++/v1/__thread/support/pthread.h:198:43: error: use of undeclared identifier 'errno'
  198 |   while (nanosleep(&__ts, &__ts) == -1 && errno == EINTR)
      |                                           ^~~~~
In file included from /Users/wyattgill/Github/poe_overlay/app/main.cpp:2:
In file included from /Users/wyattgill/Github/poe_overlay/include/httplib.h:280:
In file included from /nix/store/a0m1lkk8w4rshbkna7pkpljlb2vqyg9k-libcxx-21.1.0-dev/include/c++/v1/algorithm:2057:
In file included from /nix/store/a0m1lkk8w4rshbkna7pkpljlb2vqyg9k-libcxx-21.1.0-dev/include/c++/v1/atomic:632:
In file included from /nix/store/a0m1lkk8w4rshbkna7pkpljlb2vqyg9k-libcxx-21.1.0-dev/include/c++/v1/cmath:331:
/nix/store/a0m1lkk8w4rshbkna7pkpljlb2vqyg9k-libcxx-21.1.0-dev/include/c++/v1/math.h:393:31: error: use of undeclared identifier 'FP_NAN'
  393 |   return __builtin_fpclassify(FP_NAN, FP_INFINITE, FP_NORMAL, FP_SUBNORMAL, FP_ZERO, __x);
      |                               ^~~~~~
fatal error: too many errors emitted, stopping now [-ferror-limit=]
20 errors generated.
ninja: build stopped: subcommand failed.
